<?xml version="1.0" encoding="UTF-8"?>
<!-- Generated by org.testng.reporters.JUnitReportReporter -->
<testsuite hostname="DESKTOP-P148TE0" failures="0" tests="2" name="myTestCases.myTestCasess" time="12.176" errors="0" timestamp="2024-03-27T21:30:23 EET" skipped="1">
  <testcase classname="myTestCases.myTestCasess" name="pressonAllNumbersOnlyNumbers" time="12.176"/>
  <system-out/>
  <testcase classname="myTestCases.myTestCasess" name="myTest">
    <skipped/>
  </testcase> <!-- myTest -->
  <system-out/>
</testsuite> <!-- myTestCases.myTestCasess -->
